\BOOKMARK [1][-]{section.1}{Extended Introduction}{}% 1
\BOOKMARK [1][-]{section.2}{Related Work}{}% 2
\BOOKMARK [2][-]{subsection.2.1}{Data, Model and Pipeline Parallelism}{section.2}% 3
\BOOKMARK [2][-]{subsection.2.2}{Non-parallelism based approach to reduce memory}{section.2}% 4
\BOOKMARK [3][-]{subsubsection.2.2.1}{Reducing Activation Memory}{subsection.2.2}% 5
\BOOKMARK [3][-]{subsubsection.2.2.2}{CPU Offload}{subsection.2.2}% 6
\BOOKMARK [3][-]{subsubsection.2.2.3}{Memory Efficient Optimizer}{subsection.2.2}% 7
\BOOKMARK [2][-]{subsection.2.3}{Training Optimizers }{section.2}% 8
\BOOKMARK [1][-]{section.3}{Where Did All the Memory Go?}{}% 9
\BOOKMARK [2][-]{subsection.3.1}{Model States: Optimizer States, Gradients and Parameters}{section.3}% 10
\BOOKMARK [2][-]{subsection.3.2}{Residual Memory Consumption}{section.3}% 11
\BOOKMARK [1][-]{section.4}{ZeRO: Insights and Overview}{}% 12
\BOOKMARK [2][-]{subsection.4.1}{Insights and Overview: ZeRO-DP}{section.4}% 13
\BOOKMARK [2][-]{subsection.4.2}{Insights and Overview: ZeRO-R}{section.4}% 14
\BOOKMARK [3][-]{subsubsection.4.2.1}{Reducing Activation Memory}{subsection.4.2}% 15
\BOOKMARK [3][-]{subsubsection.4.2.2}{Managing Temporary buffers}{subsection.4.2}% 16
\BOOKMARK [3][-]{subsubsection.4.2.3}{Managing fragmented Memory}{subsection.4.2}% 17
\BOOKMARK [1][-]{section.5}{Deep Dive into ZeRO-DP}{}% 18
\BOOKMARK [2][-]{subsection.5.1}{Pos : Optimizer State Partitioning }{section.5}% 19
\BOOKMARK [2][-]{subsection.5.2}{Pg: Gradient Partitioning}{section.5}% 20
\BOOKMARK [2][-]{subsection.5.3}{Pp: Parameter Partitioning}{section.5}% 21
\BOOKMARK [2][-]{subsection.5.4}{Implication on Model Size}{section.5}% 22
\BOOKMARK [1][-]{section.6}{Deep Dive into ZeRO-R}{}% 23
\BOOKMARK [2][-]{subsection.6.1}{Pa: Partitioned Activation Checkpointing}{section.6}% 24
\BOOKMARK [2][-]{subsection.6.2}{CB: Constant Size Buffers}{section.6}% 25
\BOOKMARK [2][-]{subsection.6.3}{MD: Memory Defragmentation}{section.6}% 26
\BOOKMARK [1][-]{section.7}{Communication Analysis of ZeRO-DP}{}% 27
\BOOKMARK [2][-]{subsection.7.1}{Data Parallel Communication Volume}{section.7}% 28
\BOOKMARK [2][-]{subsection.7.2}{ZeRO-DP Communication Volume}{section.7}% 29
\BOOKMARK [3][-]{subsubsection.7.2.1}{Communication Volume with Pos+g}{subsection.7.2}% 30
\BOOKMARK [3][-]{subsubsection.7.2.2}{Communication Volume with Pos+g+p }{subsection.7.2}% 31
\BOOKMARK [1][-]{section.8}{Communication Analysis of ZeRO-R}{}% 32
\BOOKMARK [1][-]{section.9}{Step Towards 1 Trillion Parameters}{}% 33
\BOOKMARK [1][-]{section.10}{Implementation and Evaluation}{}% 34
\BOOKMARK [2][-]{subsection.10.1}{Implementation and Methodology}{section.10}% 35
\BOOKMARK [2][-]{subsection.10.2}{Speed and Model Size}{section.10}% 36
\BOOKMARK [2][-]{subsection.10.3}{Super-Linear Scalability}{section.10}% 37
\BOOKMARK [2][-]{subsection.10.4}{Democratizing Large Model Training}{section.10}% 38
\BOOKMARK [2][-]{subsection.10.5}{Memory and Performance Analysis}{section.10}% 39
\BOOKMARK [2][-]{subsection.10.6}{Turing-NLG, the SOTA language model with 17B parameters}{section.10}% 40
\BOOKMARK [1][-]{section.11}{Concluding Remarks}{}% 41
