\BOOKMARK [0][-]{chapter*.1}{\376\377\000P\000r\000e\000f\000a\000c\000e}{}% 1
\BOOKMARK [-1][-]{part.1}{\376\377\000I\000\040\000O\000r\000i\000e\000n\000t\000a\000t\000i\000o\000n\000\040\000a\000n\000d\000\040\000P\000r\000e\000r\000e\000q\000u\000i\000s\000i\000t\000e\000s}{}% 2
\BOOKMARK [0][-]{chapter.1}{\376\377\000H\000o\000w\000\040\000t\000o\000\040\000U\000s\000e\000\040\000T\000h\000i\000s\000\040\000B\000o\000o\000k}{part.1}% 3
\BOOKMARK [1][-]{section.1.1}{\376\377\000T\000h\000e\000\040\000`\000`\000F\000r\000o\000m\000\040\000S\000c\000r\000a\000t\000c\000h\000'\000'\000\040\000P\000h\000i\000l\000o\000s\000o\000p\000h\000y}{chapter.1}% 4
\BOOKMARK [1][-]{section.1.2}{\376\377\000H\000o\000w\000\040\000t\000o\000\040\000R\000e\000a\000d\000\040\000T\000h\000i\000s\000\040\000B\000o\000o\000k}{chapter.1}% 5
\BOOKMARK [2][-]{subsection.1.2.1}{\376\377\000S\000e\000q\000u\000e\000n\000t\000i\000a\000l\000\040\000R\000e\000a\000d\000i\000n\000g}{section.1.2}% 6
\BOOKMARK [2][-]{subsection.1.2.2}{\376\377\000`\000`\000I\000\040\000K\000n\000o\000w\000\040\000M\000L\000'\000'\000\040\000P\000a\000t\000h}{section.1.2}% 7
\BOOKMARK [2][-]{subsection.1.2.3}{\376\377\000S\000y\000s\000t\000e\000m\000s\000\040\000F\000o\000c\000u\000s}{section.1.2}% 8
\BOOKMARK [2][-]{subsection.1.2.4}{\376\377\000A\000s\000s\000i\000g\000n\000m\000e\000n\000t\000\040\000C\000o\000m\000p\000a\000n\000i\000o\000n}{section.1.2}% 9
\BOOKMARK [1][-]{section.1.3}{\376\377\000N\000o\000t\000a\000t\000i\000o\000n\000\040\000C\000o\000n\000v\000e\000n\000t\000i\000o\000n\000s}{chapter.1}% 10
\BOOKMARK [1][-]{section.1.4}{\376\377\000N\000e\000u\000r\000o\000s\000c\000i\000e\000n\000c\000e\000\040\000A\000n\000a\000l\000o\000g\000i\000e\000s}{chapter.1}% 11
\BOOKMARK [1][-]{section.1.5}{\376\377\000N\000o\000t\000a\000t\000i\000o\000n\000\040\000T\000a\000b\000l\000e}{chapter.1}% 12
\BOOKMARK [0][-]{chapter.2}{\376\377\000P\000r\000o\000b\000a\000b\000i\000l\000i\000t\000y\000,\000\040\000E\000n\000t\000r\000o\000p\000y\000,\000\040\000a\000n\000d\000\040\000I\000n\000f\000o\000r\000m\000a\000t\000i\000o\000n\000\040\000T\000h\000e\000o\000r\000y}{part.1}% 13
\BOOKMARK [1][-]{section.2.1}{\376\377\000B\000i\000g\000\040\000P\000i\000c\000t\000u\000r\000e}{chapter.2}% 14
\BOOKMARK [1][-]{section.2.2}{\376\377\000P\000r\000o\000b\000a\000b\000i\000l\000i\000t\000y\000\040\000D\000i\000s\000t\000r\000i\000b\000u\000t\000i\000o\000n\000s\000\040\000o\000v\000e\000r\000\040\000T\000o\000k\000e\000n\000s}{chapter.2}% 15
\BOOKMARK [1][-]{section.2.3}{\376\377\000E\000n\000t\000r\000o\000p\000y\000:\000\040\000M\000e\000a\000s\000u\000r\000i\000n\000g\000\040\000U\000n\000c\000e\000r\000t\000a\000i\000n\000t\000y}{chapter.2}% 16
\BOOKMARK [2][-]{subsection.2.3.1}{\376\377\000D\000e\000f\000i\000n\000i\000t\000i\000o\000n\000\040\000a\000n\000d\000\040\000I\000n\000t\000u\000i\000t\000i\000o\000n}{section.2.3}% 17
\BOOKMARK [2][-]{subsection.2.3.2}{\376\377\000K\000e\000y\000\040\000P\000r\000o\000p\000e\000r\000t\000i\000e\000s}{section.2.3}% 18
\BOOKMARK [2][-]{subsection.2.3.3}{\376\377\000W\000o\000r\000k\000e\000d\000\040\000E\000x\000a\000m\000p\000l\000e\000:\000\040\000C\000o\000m\000p\000u\000t\000i\000n\000g\000\040\000E\000n\000t\000r\000o\000p\000y}{section.2.3}% 19
\BOOKMARK [1][-]{section.2.4}{\376\377\000C\000r\000o\000s\000s\000-\000E\000n\000t\000r\000o\000p\000y\000:\000\040\000M\000e\000a\000s\000u\000r\000i\000n\000g\000\040\000M\000o\000d\000e\000l\000\040\000Q\000u\000a\000l\000i\000t\000y}{chapter.2}% 20
\BOOKMARK [2][-]{subsection.2.4.1}{\376\377\000D\000e\000f\000i\000n\000i\000t\000i\000o\000n}{section.2.4}% 21
\BOOKMARK [2][-]{subsection.2.4.2}{\376\377\000C\000r\000o\000s\000s\000-\000E\000n\000t\000r\000o\000p\000y\000\040\000a\000s\000\040\000a\000\040\000T\000r\000a\000i\000n\000i\000n\000g\000\040\000L\000o\000s\000s}{section.2.4}% 22
\BOOKMARK [1][-]{section.2.5}{\376\377\000K\000L\000\040\000D\000i\000v\000e\000r\000g\000e\000n\000c\000e\000:\000\040\000T\000h\000e\000\040\000G\000a\000p\000\040\000B\000e\000t\000w\000e\000e\000n\000\040\000D\000i\000s\000t\000r\000i\000b\000u\000t\000i\000o\000n\000s}{chapter.2}% 23
\BOOKMARK [1][-]{section.2.6}{\376\377\000M\000a\000x\000i\000m\000u\000m\000\040\000L\000i\000k\000e\000l\000i\000h\000o\000o\000d\000\040\000a\000n\000d\000\040\000C\000r\000o\000s\000s\000-\000E\000n\000t\000r\000o\000p\000y}{chapter.2}% 24
\BOOKMARK [1][-]{section.2.7}{\376\377\000P\000e\000r\000p\000l\000e\000x\000i\000t\000y\000:\000\040\000T\000h\000e\000\040\000S\000t\000a\000n\000d\000a\000r\000d\000\040\000E\000v\000a\000l\000u\000a\000t\000i\000o\000n\000\040\000M\000e\000t\000r\000i\000c}{chapter.2}% 25
\BOOKMARK [2][-]{subsection.2.7.1}{\376\377\000W\000o\000r\000k\000e\000d\000\040\000E\000x\000a\000m\000p\000l\000e\000:\000\040\000P\000e\000r\000p\000l\000e\000x\000i\000t\000y\000\040\000C\000a\000l\000c\000u\000l\000a\000t\000i\000o\000n}{section.2.7}% 26
\BOOKMARK [1][-]{section.2.8}{\376\377\000S\000h\000a\000n\000n\000o\000n\000'\000s\000\040\000G\000a\000m\000e\000\040\000a\000n\000d\000\040\000t\000h\000e\000\040\000E\000n\000t\000r\000o\000p\000y\000\040\000R\000a\000t\000e\000\040\000o\000f\000\040\000E\000n\000g\000l\000i\000s\000h}{chapter.2}% 27
\BOOKMARK [1][-]{section.2.9}{\376\377\000C\000o\000m\000m\000o\000n\000\040\000M\000i\000s\000c\000o\000n\000c\000e\000p\000t\000i\000o\000n\000s}{chapter.2}% 28
\BOOKMARK [1][-]{section.2.10}{\376\377\000E\000x\000e\000r\000c\000i\000s\000e\000s}{chapter.2}% 29
\BOOKMARK [1][-]{section.2.11}{\376\377\000F\000u\000r\000t\000h\000e\000r\000\040\000R\000e\000a\000d\000i\000n\000g}{chapter.2}% 30
\BOOKMARK [0][-]{chapter.3}{\376\377\000L\000i\000n\000e\000a\000r\000\040\000A\000l\000g\000e\000b\000r\000a\000\040\000a\000n\000d\000\040\000M\000a\000t\000r\000i\000x\000\040\000C\000a\000l\000c\000u\000l\000u\000s}{part.1}% 31
\BOOKMARK [1][-]{section.3.1}{\376\377\000B\000i\000g\000\040\000P\000i\000c\000t\000u\000r\000e}{chapter.3}% 32
\BOOKMARK [1][-]{section.3.2}{\376\377\000F\000o\000r\000m\000a\000l\000\040\000S\000e\000t\000u\000p\000\040\000a\000n\000d\000\040\000N\000o\000t\000a\000t\000i\000o\000n}{chapter.3}% 33
\BOOKMARK [1][-]{section.3.3}{\376\377\000M\000a\000t\000r\000i\000x\000\040\000M\000u\000l\000t\000i\000p\000l\000i\000c\000a\000t\000i\000o\000n\000\040\000V\000i\000e\000w\000s}{chapter.3}% 34
\BOOKMARK [2][-]{subsection.3.3.1}{\376\377\000B\000l\000o\000c\000k\000\040\000M\000a\000t\000r\000i\000x\000\040\000M\000u\000l\000t\000i\000p\000l\000i\000c\000a\000t\000i\000o\000n}{section.3.3}% 35
\BOOKMARK [1][-]{section.3.4}{\376\377\000E\000i\000n\000s\000t\000e\000i\000n\000\040\000S\000u\000m\000m\000a\000t\000i\000o\000n\000\040\000N\000o\000t\000a\000t\000i\000o\000n\000\040\000\050\000E\000i\000n\000s\000u\000m\000\051}{chapter.3}% 36
\BOOKMARK [1][-]{section.3.5}{\376\377\000M\000a\000t\000r\000i\000x\000\040\000C\000a\000l\000c\000u\000l\000u\000s\000\040\000B\000a\000s\000i\000c\000s}{chapter.3}% 37
\BOOKMARK [2][-]{subsection.3.5.1}{\376\377\000T\000h\000e\000\040\000G\000r\000a\000d\000i\000e\000n\000t\000\040\000o\000f\000\040\000a\000\040\000S\000c\000a\000l\000a\000r\000\040\000w\000.\000r\000.\000t\000\040\000a\000\040\000V\000e\000c\000t\000o\000r}{section.3.5}% 38
\BOOKMARK [2][-]{subsection.3.5.2}{\376\377\000T\000h\000e\000\040\000C\000h\000a\000i\000n\000\040\000R\000u\000l\000e\000\040\000v\000i\000a\000\040\000J\000a\000c\000o\000b\000i\000a\000n\000s}{section.3.5}% 39
\BOOKMARK [2][-]{subsection.3.5.3}{\376\377\000K\000e\000y\000\040\000M\000a\000t\000r\000i\000x\000\040\000C\000a\000l\000c\000u\000l\000u\000s\000\040\000R\000u\000l\000e\000s}{section.3.5}% 40
\BOOKMARK [1][-]{section.3.6}{\376\377\000W\000o\000r\000k\000e\000d\000\040\000E\000x\000a\000m\000p\000l\000e\000:\000\040\000B\000a\000c\000k\000p\000r\000o\000p\000\040\000t\000h\000r\000o\000u\000g\000h\000\040\000a\000\040\000L\000i\000n\000e\000a\000r\000\040\000L\000a\000y\000e\000r}{chapter.3}% 41
\BOOKMARK [1][-]{section.3.7}{\376\377\000S\000y\000s\000t\000e\000m\000s\000\040\000a\000n\000d\000\040\000I\000m\000p\000l\000e\000m\000e\000n\000t\000a\000t\000i\000o\000n\000\040\000C\000o\000n\000s\000e\000q\000u\000e\000n\000c\000e\000s}{chapter.3}% 42
\BOOKMARK [1][-]{section.3.8}{\376\377\000C\000o\000m\000m\000o\000n\000\040\000M\000i\000s\000c\000o\000n\000c\000e\000p\000t\000i\000o\000n\000s}{chapter.3}% 43
\BOOKMARK [1][-]{section.3.9}{\376\377\000E\000x\000e\000r\000c\000i\000s\000e\000s}{chapter.3}% 44
\BOOKMARK [1][-]{section.3.10}{\376\377\000F\000u\000r\000t\000h\000e\000r\000\040\000R\000e\000a\000d\000i\000n\000g}{chapter.3}% 45
\BOOKMARK [0][-]{chapter.4}{\376\377\000P\000y\000T\000o\000r\000c\000h\000\040\000a\000n\000d\000\040\000T\000e\000n\000s\000o\000r\000\040\000C\000o\000m\000p\000u\000t\000a\000t\000i\000o\000n}{part.1}% 46
\BOOKMARK [1][-]{section.4.1}{\376\377\000B\000i\000g\000\040\000P\000i\000c\000t\000u\000r\000e}{chapter.4}% 47
\BOOKMARK [1][-]{section.4.2}{\376\377\000F\000o\000r\000m\000a\000l\000\040\000S\000e\000t\000u\000p\000\040\000a\000n\000d\000\040\000N\000o\000t\000a\000t\000i\000o\000n}{chapter.4}% 48
\BOOKMARK [1][-]{section.4.3}{\376\377\000S\000t\000r\000i\000d\000e\000s\000,\000\040\000V\000i\000e\000w\000s\000,\000\040\000a\000n\000d\000\040\000C\000o\000n\000t\000i\000g\000u\000i\000t\000y}{chapter.4}% 49
\BOOKMARK [1][-]{section.4.4}{\376\377\000B\000r\000o\000a\000d\000c\000a\000s\000t\000i\000n\000g}{chapter.4}% 50
\BOOKMARK [1][-]{section.4.5}{\376\377\000A\000u\000t\000o\000g\000r\000a\000d\000:\000\040\000A\000u\000t\000o\000m\000a\000t\000i\000c\000\040\000D\000i\000f\000f\000e\000r\000e\000n\000t\000i\000a\000t\000i\000o\000n}{chapter.4}% 51
\BOOKMARK [1][-]{section.4.6}{\376\377\000W\000o\000r\000k\000e\000d\000\040\000E\000x\000a\000m\000p\000l\000e\000:\000\040\000T\000h\000e\000\040\000G\000r\000a\000d\000i\000e\000n\000t\000\040\000A\000c\000c\000u\000m\000u\000l\000a\000t\000i\000o\000n\000\040\000P\000a\000t\000t\000e\000r\000n}{chapter.4}% 52
\BOOKMARK [1][-]{section.4.7}{\376\377\000S\000y\000s\000t\000e\000m\000s\000\040\000a\000n\000d\000\040\000I\000m\000p\000l\000e\000m\000e\000n\000t\000a\000t\000i\000o\000n\000\040\000C\000o\000n\000s\000e\000q\000u\000e\000n\000c\000e\000s}{chapter.4}% 53
\BOOKMARK [1][-]{section.4.8}{\376\377\000C\000o\000m\000m\000o\000n\000\040\000M\000i\000s\000c\000o\000n\000c\000e\000p\000t\000i\000o\000n\000s}{chapter.4}% 54
\BOOKMARK [1][-]{section.4.9}{\376\377\000E\000x\000e\000r\000c\000i\000s\000e\000s}{chapter.4}% 55
\BOOKMARK [1][-]{section.4.10}{\376\377\000F\000u\000r\000t\000h\000e\000r\000\040\000R\000e\000a\000d\000i\000n\000g}{chapter.4}% 56
\BOOKMARK [0][-]{chapter.5}{\376\377\000C\000U\000D\000A\000\040\000a\000n\000d\000\040\000G\000P\000U\000\040\000E\000x\000e\000c\000u\000t\000i\000o\000n}{part.1}% 57
\BOOKMARK [1][-]{section.5.1}{\376\377\000B\000i\000g\000\040\000P\000i\000c\000t\000u\000r\000e}{chapter.5}% 58
\BOOKMARK [1][-]{section.5.2}{\376\377\000F\000o\000r\000m\000a\000l\000\040\000S\000e\000t\000u\000p\000\040\000a\000n\000d\000\040\000N\000o\000t\000a\000t\000i\000o\000n}{chapter.5}% 59
\BOOKMARK [1][-]{section.5.3}{\376\377\000T\000h\000e\000\040\000C\000o\000m\000p\000u\000t\000e\000\040\000H\000i\000e\000r\000a\000r\000c\000h\000y\000:\000\040\000G\000r\000i\000d\000s\000,\000\040\000B\000l\000o\000c\000k\000s\000,\000\040\000T\000h\000r\000e\000a\000d\000s}{chapter.5}% 60
\BOOKMARK [1][-]{section.5.4}{\376\377\000T\000h\000e\000\040\000M\000e\000m\000o\000r\000y\000\040\000H\000i\000e\000r\000a\000r\000c\000h\000y\000\040\000a\000n\000d\000\040\000t\000h\000e\000\040\000B\000a\000n\000d\000w\000i\000d\000t\000h\000\040\000W\000a\000l\000l}{chapter.5}% 61
\BOOKMARK [2][-]{subsection.5.4.1}{\376\377\000T\000h\000e\000\040\000B\000a\000n\000d\000w\000i\000d\000t\000h\000\040\000B\000o\000t\000t\000l\000e\000n\000e\000c\000k}{section.5.4}% 62
\BOOKMARK [1][-]{section.5.5}{\376\377\000A\000r\000i\000t\000h\000m\000e\000t\000i\000c\000\040\000I\000n\000t\000e\000n\000s\000i\000t\000y}{chapter.5}% 63
\BOOKMARK [1][-]{section.5.6}{\376\377\000W\000o\000r\000k\000e\000d\000\040\000E\000x\000a\000m\000p\000l\000e\000:\000\040\000K\000e\000r\000n\000e\000l\000\040\000O\000v\000e\000r\000h\000e\000a\000d}{chapter.5}% 64
\BOOKMARK [1][-]{section.5.7}{\376\377\000S\000y\000s\000t\000e\000m\000s\000\040\000a\000n\000d\000\040\000I\000m\000p\000l\000e\000m\000e\000n\000t\000a\000t\000i\000o\000n\000\040\000C\000o\000n\000s\000e\000q\000u\000e\000n\000c\000e\000s}{chapter.5}% 65
\BOOKMARK [1][-]{section.5.8}{\376\377\000C\000o\000m\000m\000o\000n\000\040\000M\000i\000s\000c\000o\000n\000c\000e\000p\000t\000i\000o\000n\000s}{chapter.5}% 66
\BOOKMARK [1][-]{section.5.9}{\376\377\000E\000x\000e\000r\000c\000i\000s\000e\000s}{chapter.5}% 67
\BOOKMARK [1][-]{section.5.10}{\376\377\000F\000u\000r\000t\000h\000e\000r\000\040\000R\000e\000a\000d\000i\000n\000g}{chapter.5}% 68
\BOOKMARK [0][-]{chapter.6}{\376\377\000M\000i\000n\000i\000m\000a\000l\000\040\000L\000i\000n\000g\000u\000i\000s\000t\000i\000c\000s\000\040\000B\000a\000c\000k\000g\000r\000o\000u\000n\000d}{part.1}% 69
\BOOKMARK [1][-]{section.6.1}{\376\377\000B\000i\000g\000\040\000P\000i\000c\000t\000u\000r\000e}{chapter.6}% 70
\BOOKMARK [1][-]{section.6.2}{\376\377\000F\000o\000r\000m\000a\000l\000\040\000S\000e\000t\000u\000p\000\040\000a\000n\000d\000\040\000N\000o\000t\000a\000t\000i\000o\000n}{chapter.6}% 71
\BOOKMARK [1][-]{section.6.3}{\376\377\000M\000o\000r\000p\000h\000o\000l\000o\000g\000y\000\040\000a\000n\000d\000\040\000T\000y\000p\000o\000l\000o\000g\000y}{chapter.6}% 72
\BOOKMARK [1][-]{section.6.4}{\376\377\000S\000y\000n\000t\000a\000x\000\040\000v\000s\000.\000\040\000S\000e\000m\000a\000n\000t\000i\000c\000s}{chapter.6}% 73
\BOOKMARK [1][-]{section.6.5}{\376\377\000Z\000i\000p\000f\000'\000s\000\040\000L\000a\000w}{chapter.6}% 74
\BOOKMARK [1][-]{section.6.6}{\376\377\000W\000o\000r\000k\000e\000d\000\040\000E\000x\000a\000m\000p\000l\000e\000:\000\040\000C\000h\000e\000c\000k\000i\000n\000g\000\040\000Z\000i\000p\000f\000\040\000o\000n\000\040\000a\000\040\000S\000m\000a\000l\000l\000\040\000S\000a\000m\000p\000l\000e}{chapter.6}% 75
\BOOKMARK [1][-]{section.6.7}{\376\377\000S\000y\000s\000t\000e\000m\000s\000\040\000a\000n\000d\000\040\000I\000m\000p\000l\000e\000m\000e\000n\000t\000a\000t\000i\000o\000n\000\040\000C\000o\000n\000s\000e\000q\000u\000e\000n\000c\000e\000s}{chapter.6}% 76
\BOOKMARK [1][-]{section.6.8}{\376\377\000C\000o\000m\000m\000o\000n\000\040\000M\000i\000s\000c\000o\000n\000c\000e\000p\000t\000i\000o\000n\000s}{chapter.6}% 77
\BOOKMARK [1][-]{section.6.9}{\376\377\000E\000x\000e\000r\000c\000i\000s\000e\000s}{chapter.6}% 78
\BOOKMARK [1][-]{section.6.10}{\376\377\000F\000u\000r\000t\000h\000e\000r\000\040\000R\000e\000a\000d\000i\000n\000g}{chapter.6}% 79
\BOOKMARK [-1][-]{part.2}{\376\377\000I\000I\000\040\000L\000a\000n\000g\000u\000a\000g\000e\000\040\000M\000o\000d\000e\000l\000i\000n\000g\000\040\000F\000o\000u\000n\000d\000a\000t\000i\000o\000n\000s}{}% 80
\BOOKMARK [0][-]{chapter.7}{\376\377\000T\000h\000e\000\040\000L\000a\000n\000g\000u\000a\000g\000e\000\040\000M\000o\000d\000e\000l\000i\000n\000g\000\040\000P\000r\000o\000b\000l\000e\000m}{part.2}% 81
\BOOKMARK [1][-]{section.7.1}{\376\377\000B\000i\000g\000\040\000P\000i\000c\000t\000u\000r\000e}{chapter.7}% 82
\BOOKMARK [1][-]{section.7.2}{\376\377\000F\000o\000r\000m\000a\000l\000\040\000S\000e\000t\000u\000p\000\040\000a\000n\000d\000\040\000N\000o\000t\000a\000t\000i\000o\000n}{chapter.7}% 83
\BOOKMARK [1][-]{section.7.3}{\376\377\000A\000u\000t\000o\000r\000e\000g\000r\000e\000s\000s\000i\000v\000e\000\040\000D\000e\000c\000o\000m\000p\000o\000s\000i\000t\000i\000o\000n}{chapter.7}% 84
\BOOKMARK [1][-]{section.7.4}{\376\377\000S\000c\000o\000r\000i\000n\000g\000\040\000v\000e\000r\000s\000u\000s\000\040\000G\000e\000n\000e\000r\000a\000t\000i\000o\000n}{chapter.7}% 85
\BOOKMARK [2][-]{subsection.7.4.1}{\376\377\000S\000c\000o\000r\000i\000n\000g}{section.7.4}% 86
\BOOKMARK [2][-]{subsection.7.4.2}{\376\377\000G\000e\000n\000e\000r\000a\000t\000i\000o\000n}{section.7.4}% 87
\BOOKMARK [1][-]{section.7.5}{\376\377\000W\000o\000r\000k\000e\000d\000\040\000E\000x\000a\000m\000p\000l\000e\000:\000\040\000C\000o\000m\000p\000u\000t\000i\000n\000g\000\040\000S\000e\000q\000u\000e\000n\000c\000e\000\040\000P\000r\000o\000b\000a\000b\000i\000l\000i\000t\000y}{chapter.7}% 88
\BOOKMARK [1][-]{section.7.6}{\376\377\000S\000y\000s\000t\000e\000m\000s\000\040\000a\000n\000d\000\040\000I\000m\000p\000l\000e\000m\000e\000n\000t\000a\000t\000i\000o\000n\000\040\000C\000o\000n\000s\000e\000q\000u\000e\000n\000c\000e\000s}{chapter.7}% 89
\BOOKMARK [1][-]{section.7.7}{\376\377\000C\000o\000m\000m\000o\000n\000\040\000M\000i\000s\000c\000o\000n\000c\000e\000p\000t\000i\000o\000n\000s}{chapter.7}% 90
\BOOKMARK [1][-]{section.7.8}{\376\377\000E\000x\000e\000r\000c\000i\000s\000e\000s}{chapter.7}% 91
\BOOKMARK [1][-]{section.7.9}{\376\377\000F\000u\000r\000t\000h\000e\000r\000\040\000R\000e\000a\000d\000i\000n\000g}{chapter.7}% 92
\BOOKMARK [0][-]{chapter.8}{\376\377\000T\000o\000k\000e\000n\000i\000z\000a\000t\000i\000o\000n}{part.2}% 93
\BOOKMARK [1][-]{section.8.1}{\376\377\000B\000i\000g\000\040\000P\000i\000c\000t\000u\000r\000e}{chapter.8}% 94
\BOOKMARK [1][-]{section.8.2}{\376\377\000F\000o\000r\000m\000a\000l\000\040\000S\000e\000t\000u\000p\000\040\000a\000n\000d\000\040\000N\000o\000t\000a\000t\000i\000o\000n}{chapter.8}% 95
\BOOKMARK [1][-]{section.8.3}{\376\377\000B\000y\000t\000e\000-\000P\000a\000i\000r\000\040\000E\000n\000c\000o\000d\000i\000n\000g\000\040\000\050\000B\000P\000E\000\051}{chapter.8}% 96
\BOOKMARK [2][-]{subsection.8.3.1}{\376\377\000T\000h\000e\000\040\000B\000P\000E\000\040\000T\000r\000a\000i\000n\000i\000n\000g\000\040\000A\000l\000g\000o\000r\000i\000t\000h\000m}{section.8.3}% 97
\BOOKMARK [2][-]{subsection.8.3.2}{\376\377\000E\000n\000c\000o\000d\000i\000n\000g\000\040\000w\000i\000t\000h\000\040\000B\000P\000E}{section.8.3}% 98
\BOOKMARK [1][-]{section.8.4}{\376\377\000T\000h\000e\000\040\000U\000n\000i\000g\000r\000a\000m\000\040\000L\000a\000n\000g\000u\000a\000g\000e\000\040\000M\000o\000d\000e\000l\000\040\000T\000o\000k\000e\000n\000i\000z\000e\000r}{chapter.8}% 99
\BOOKMARK [1][-]{section.8.5}{\376\377\000W\000o\000r\000k\000e\000d\000\040\000E\000x\000a\000m\000p\000l\000e\000:\000\040\000B\000P\000E\000\040\000T\000r\000a\000i\000n\000i\000n\000g}{chapter.8}% 100
\BOOKMARK [1][-]{section.8.6}{\376\377\000S\000y\000s\000t\000e\000m\000s\000\040\000a\000n\000d\000\040\000I\000m\000p\000l\000e\000m\000e\000n\000t\000a\000t\000i\000o\000n\000\040\000C\000o\000n\000s\000e\000q\000u\000e\000n\000c\000e\000s}{chapter.8}% 101
\BOOKMARK [1][-]{section.8.7}{\376\377\000C\000o\000m\000m\000o\000n\000\040\000M\000i\000s\000c\000o\000n\000c\000e\000p\000t\000i\000o\000n\000s}{chapter.8}% 102
\BOOKMARK [1][-]{section.8.8}{\376\377\000E\000x\000e\000r\000c\000i\000s\000e\000s}{chapter.8}% 103
\BOOKMARK [1][-]{section.8.9}{\376\377\000F\000u\000r\000t\000h\000e\000r\000\040\000R\000e\000a\000d\000i\000n\000g}{chapter.8}% 104
\BOOKMARK [0][-]{chapter.9}{\376\377\000F\000r\000o\000m\000\040\000N\000-\000G\000r\000a\000m\000s\000\040\000t\000o\000\040\000N\000e\000u\000r\000a\000l\000\040\000L\000a\000n\000g\000u\000a\000g\000e\000\040\000M\000o\000d\000e\000l\000s}{part.2}% 105
\BOOKMARK [1][-]{section.9.1}{\376\377\000B\000i\000g\000\040\000P\000i\000c\000t\000u\000r\000e}{chapter.9}% 106
\BOOKMARK [1][-]{section.9.2}{\376\377\000F\000o\000r\000m\000a\000l\000\040\000S\000e\000t\000u\000p\000\040\000a\000n\000d\000\040\000N\000o\000t\000a\000t\000i\000o\000n}{chapter.9}% 107
\BOOKMARK [1][-]{section.9.3}{\376\377\000T\000h\000e\000\040\000N\000-\000G\000r\000a\000m\000\040\000L\000a\000n\000g\000u\000a\000g\000e\000\040\000M\000o\000d\000e\000l}{chapter.9}% 108
\BOOKMARK [2][-]{subsection.9.3.1}{\376\377\000T\000h\000e\000\040\000C\000u\000r\000s\000e\000\040\000o\000f\000\040\000D\000i\000m\000e\000n\000s\000i\000o\000n\000a\000l\000i\000t\000y}{section.9.3}% 109
\BOOKMARK [1][-]{section.9.4}{\376\377\000W\000o\000r\000k\000e\000d\000\040\000E\000x\000a\000m\000p\000l\000e\000:\000\040\000T\000r\000i\000g\000r\000a\000m\000\040\000C\000a\000l\000c\000u\000l\000a\000t\000i\000o\000n}{chapter.9}% 110
\BOOKMARK [1][-]{section.9.5}{\376\377\000T\000h\000e\000\040\000N\000e\000u\000r\000a\000l\000\040\000P\000r\000o\000b\000a\000b\000i\000l\000i\000s\000t\000i\000c\000\040\000L\000a\000n\000g\000u\000a\000g\000e\000\040\000M\000o\000d\000e\000l\000\040\000\050\000N\000P\000L\000M\000\051}{chapter.9}% 111
\BOOKMARK [1][-]{section.9.6}{\376\377\000T\000h\000e\000\040\000R\000e\000c\000u\000r\000r\000e\000n\000t\000\040\000E\000r\000a\000\040\000a\000n\000d\000\040\000I\000t\000s\000\040\000F\000a\000i\000l\000u\000r\000e\000\040\000M\000o\000d\000e\000s}{chapter.9}% 112
\BOOKMARK [1][-]{section.9.7}{\376\377\000S\000y\000s\000t\000e\000m\000s\000\040\000a\000n\000d\000\040\000I\000m\000p\000l\000e\000m\000e\000n\000t\000a\000t\000i\000o\000n\000\040\000C\000o\000n\000s\000e\000q\000u\000e\000n\000c\000e\000s}{chapter.9}% 113
\BOOKMARK [1][-]{section.9.8}{\376\377\000C\000o\000m\000m\000o\000n\000\040\000M\000i\000s\000c\000o\000n\000c\000e\000p\000t\000i\000o\000n\000s}{chapter.9}% 114
\BOOKMARK [1][-]{section.9.9}{\376\377\000E\000x\000e\000r\000c\000i\000s\000e\000s}{chapter.9}% 115
\BOOKMARK [1][-]{section.9.10}{\376\377\000F\000u\000r\000t\000h\000e\000r\000\040\000R\000e\000a\000d\000i\000n\000g}{chapter.9}% 116
\BOOKMARK [-1][-]{part.3}{\376\377\000I\000I\000I\000\040\000T\000r\000a\000n\000s\000f\000o\000r\000m\000e\000r\000\040\000I\000n\000t\000e\000r\000n\000a\000l\000s}{}% 117
\BOOKMARK [0][-]{chapter.10}{\376\377\000A\000t\000t\000e\000n\000t\000i\000o\000n\000\040\000M\000e\000c\000h\000a\000n\000i\000s\000m\000s}{part.3}% 118
\BOOKMARK [1][-]{section.10.1}{\376\377\000B\000i\000g\000\040\000P\000i\000c\000t\000u\000r\000e}{chapter.10}% 119
\BOOKMARK [1][-]{section.10.2}{\376\377\000F\000o\000r\000m\000a\000l\000\040\000S\000e\000t\000u\000p\000\040\000a\000n\000d\000\040\000N\000o\000t\000a\000t\000i\000o\000n}{chapter.10}% 120
\BOOKMARK [1][-]{section.10.3}{\376\377\000S\000c\000a\000l\000e\000d\000\040\000D\000o\000t\000-\000P\000r\000o\000d\000u\000c\000t\000\040\000A\000t\000t\000e\000n\000t\000i\000o\000n}{chapter.10}% 121
\BOOKMARK [2][-]{subsection.10.3.1}{\376\377\000T\000h\000e\000\040\000P\000r\000e\000-\000S\000o\000f\000t\000m\000a\000x\000\040\000S\000c\000a\000l\000i\000n\000g\000\040\000F\000a\000c\000t\000o\000r}{section.10.3}% 122
\BOOKMARK [1][-]{section.10.4}{\376\377\000C\000a\000u\000s\000a\000l\000\040\000M\000a\000s\000k\000i\000n\000g}{chapter.10}% 123
\BOOKMARK [1][-]{section.10.5}{\376\377\000M\000u\000l\000t\000i\000-\000H\000e\000a\000d\000\040\000A\000t\000t\000e\000n\000t\000i\000o\000n\000\040\000\050\000M\000H\000A\000\051}{chapter.10}% 124
\BOOKMARK [1][-]{section.10.6}{\376\377\000W\000o\000r\000k\000e\000d\000\040\000E\000x\000a\000m\000p\000l\000e\000:\000\040\000A\000t\000t\000e\000n\000t\000i\000o\000n\000\040\000M\000a\000t\000r\000i\000x\000\040\000S\000h\000a\000p\000e\000s}{chapter.10}% 125
\BOOKMARK [1][-]{section.10.7}{\376\377\000S\000y\000s\000t\000e\000m\000s\000\040\000a\000n\000d\000\040\000I\000m\000p\000l\000e\000m\000e\000n\000t\000a\000t\000i\000o\000n\000\040\000C\000o\000n\000s\000e\000q\000u\000e\000n\000c\000e\000s}{chapter.10}% 126
\BOOKMARK [1][-]{section.10.8}{\376\377\000C\000o\000m\000m\000o\000n\000\040\000M\000i\000s\000c\000o\000n\000c\000e\000p\000t\000i\000o\000n\000s}{chapter.10}% 127
\BOOKMARK [1][-]{section.10.9}{\376\377\000E\000x\000e\000r\000c\000i\000s\000e\000s}{chapter.10}% 128
\BOOKMARK [1][-]{section.10.10}{\376\377\000F\000u\000r\000t\000h\000e\000r\000\040\000R\000e\000a\000d\000i\000n\000g}{chapter.10}% 129
\BOOKMARK [0][-]{chapter.11}{\376\377\000T\000r\000a\000n\000s\000f\000o\000r\000m\000e\000r\000\040\000B\000l\000o\000c\000k\000s\000\040\000f\000r\000o\000m\000\040\000S\000c\000r\000a\000t\000c\000h}{part.3}% 130
\BOOKMARK [1][-]{section.11.1}{\376\377\000B\000i\000g\000\040\000P\000i\000c\000t\000u\000r\000e}{chapter.11}% 131
\BOOKMARK [1][-]{section.11.2}{\376\377\000F\000o\000r\000m\000a\000l\000\040\000S\000e\000t\000u\000p\000\040\000a\000n\000d\000\040\000N\000o\000t\000a\000t\000i\000o\000n}{chapter.11}% 132
\BOOKMARK [1][-]{section.11.3}{\376\377\000T\000h\000e\000\040\000R\000e\000s\000i\000d\000u\000a\000l\000\040\000C\000o\000n\000n\000e\000c\000t\000i\000o\000n}{chapter.11}% 133
\BOOKMARK [1][-]{section.11.4}{\376\377\000L\000a\000y\000e\000r\000\040\000N\000o\000r\000m\000a\000l\000i\000z\000a\000t\000i\000o\000n\000:\000\040\000P\000r\000e\000-\000N\000o\000r\000m\000\040\000v\000s\000\040\000P\000o\000s\000t\000-\000N\000o\000r\000m}{chapter.11}% 134
\BOOKMARK [1][-]{section.11.5}{\376\377\000T\000h\000e\000\040\000P\000o\000s\000i\000t\000i\000o\000n\000-\000W\000i\000s\000e\000\040\000F\000e\000e\000d\000-\000F\000o\000r\000w\000a\000r\000d\000\040\000N\000e\000t\000w\000o\000r\000k\000\040\000\050\000F\000F\000N\000\051}{chapter.11}% 135
\BOOKMARK [1][-]{section.11.6}{\376\377\000A\000s\000s\000e\000m\000b\000l\000i\000n\000g\000\040\000t\000h\000e\000\040\000F\000i\000n\000a\000l\000\040\000B\000l\000o\000c\000k}{chapter.11}% 136
\BOOKMARK [1][-]{section.11.7}{\376\377\000W\000o\000r\000k\000e\000d\000\040\000E\000x\000a\000m\000p\000l\000e\000:\000\040\000P\000a\000r\000a\000m\000e\000t\000e\000r\000\040\000C\000o\000u\000n\000t\000i\000n\000g}{chapter.11}% 137
\BOOKMARK [1][-]{section.11.8}{\376\377\000S\000y\000s\000t\000e\000m\000s\000\040\000a\000n\000d\000\040\000I\000m\000p\000l\000e\000m\000e\000n\000t\000a\000t\000i\000o\000n\000\040\000C\000o\000n\000s\000e\000q\000u\000e\000n\000c\000e\000s}{chapter.11}% 138
\BOOKMARK [1][-]{section.11.9}{\376\377\000C\000o\000m\000m\000o\000n\000\040\000M\000i\000s\000c\000o\000n\000c\000e\000p\000t\000i\000o\000n\000s}{chapter.11}% 139
\BOOKMARK [1][-]{section.11.10}{\376\377\000E\000x\000e\000r\000c\000i\000s\000e\000s}{chapter.11}% 140
\BOOKMARK [1][-]{section.11.11}{\376\377\000F\000u\000r\000t\000h\000e\000r\000\040\000R\000e\000a\000d\000i\000n\000g}{chapter.11}% 141
\BOOKMARK [0][-]{chapter.12}{\376\377\000N\000o\000r\000m\000s\000,\000\040\000R\000e\000s\000i\000d\000u\000a\000l\000s\000,\000\040\000a\000n\000d\000\040\000P\000o\000s\000i\000t\000i\000o\000n\000a\000l\000\040\000E\000n\000c\000o\000d\000i\000n\000g\000s}{part.3}% 142
\BOOKMARK [1][-]{section.12.1}{\376\377\000B\000i\000g\000\040\000P\000i\000c\000t\000u\000r\000e}{chapter.12}% 143
\BOOKMARK [1][-]{section.12.2}{\376\377\000F\000o\000r\000m\000a\000l\000\040\000S\000e\000t\000u\000p\000\040\000a\000n\000d\000\040\000N\000o\000t\000a\000t\000i\000o\000n}{chapter.12}% 144
\BOOKMARK [1][-]{section.12.3}{\376\377\000M\000a\000i\000n\000\040\000I\000d\000e\000a\000s}{chapter.12}% 145
\BOOKMARK [1][-]{section.12.4}{\376\377\000W\000o\000r\000k\000e\000d\000\040\000E\000x\000a\000m\000p\000l\000e}{chapter.12}% 146
\BOOKMARK [1][-]{section.12.5}{\376\377\000S\000y\000s\000t\000e\000m\000s\000\040\000a\000n\000d\000\040\000I\000m\000p\000l\000e\000m\000e\000n\000t\000a\000t\000i\000o\000n\000\040\000C\000o\000n\000s\000e\000q\000u\000e\000n\000c\000e\000s}{chapter.12}% 147
\BOOKMARK [1][-]{section.12.6}{\376\377\000C\000o\000m\000m\000o\000n\000\040\000M\000i\000s\000c\000o\000n\000c\000e\000p\000t\000i\000o\000n\000s}{chapter.12}% 148
\BOOKMARK [1][-]{section.12.7}{\376\377\000E\000x\000e\000r\000c\000i\000s\000e\000s}{chapter.12}% 149
\BOOKMARK [1][-]{section.12.8}{\376\377\000F\000u\000r\000t\000h\000e\000r\000\040\000R\000e\000a\000d\000i\000n\000g}{chapter.12}% 150
\BOOKMARK [0][-]{chapter.13}{\376\377\000H\000y\000p\000e\000r\000p\000a\000r\000a\000m\000e\000t\000e\000r\000s\000,\000\040\000I\000n\000i\000t\000i\000a\000l\000i\000z\000a\000t\000i\000o\000n\000,\000\040\000a\000n\000d\000\040\000O\000p\000t\000i\000m\000i\000z\000a\000t\000i\000o\000n}{part.3}% 151
\BOOKMARK [1][-]{section.13.1}{\376\377\000B\000i\000g\000\040\000P\000i\000c\000t\000u\000r\000e}{chapter.13}% 152
\BOOKMARK [1][-]{section.13.2}{\376\377\000F\000o\000r\000m\000a\000l\000\040\000S\000e\000t\000u\000p\000\040\000a\000n\000d\000\040\000N\000o\000t\000a\000t\000i\000o\000n}{chapter.13}% 153
\BOOKMARK [1][-]{section.13.3}{\376\377\000M\000a\000i\000n\000\040\000I\000d\000e\000a\000s}{chapter.13}% 154
\BOOKMARK [1][-]{section.13.4}{\376\377\000W\000o\000r\000k\000e\000d\000\040\000E\000x\000a\000m\000p\000l\000e}{chapter.13}% 155
\BOOKMARK [1][-]{section.13.5}{\376\377\000S\000y\000s\000t\000e\000m\000s\000\040\000a\000n\000d\000\040\000I\000m\000p\000l\000e\000m\000e\000n\000t\000a\000t\000i\000o\000n\000\040\000C\000o\000n\000s\000e\000q\000u\000e\000n\000c\000e\000s}{chapter.13}% 156
\BOOKMARK [1][-]{section.13.6}{\376\377\000C\000o\000m\000m\000o\000n\000\040\000M\000i\000s\000c\000o\000n\000c\000e\000p\000t\000i\000o\000n\000s}{chapter.13}% 157
\BOOKMARK [1][-]{section.13.7}{\376\377\000E\000x\000e\000r\000c\000i\000s\000e\000s}{chapter.13}% 158
\BOOKMARK [1][-]{section.13.8}{\376\377\000F\000u\000r\000t\000h\000e\000r\000\040\000R\000e\000a\000d\000i\000n\000g}{chapter.13}% 159
\BOOKMARK [0][-]{chapter.14}{\376\377\000A\000r\000c\000h\000i\000t\000e\000c\000t\000u\000r\000a\000l\000\040\000V\000a\000r\000i\000a\000n\000t\000s\000\040\000a\000n\000d\000\040\000E\000x\000t\000e\000n\000s\000i\000o\000n\000s}{part.3}% 160
\BOOKMARK [1][-]{section.14.1}{\376\377\000B\000i\000g\000\040\000P\000i\000c\000t\000u\000r\000e}{chapter.14}% 161
\BOOKMARK [1][-]{section.14.2}{\376\377\000F\000o\000r\000m\000a\000l\000\040\000S\000e\000t\000u\000p\000\040\000a\000n\000d\000\040\000N\000o\000t\000a\000t\000i\000o\000n}{chapter.14}% 162
\BOOKMARK [1][-]{section.14.3}{\376\377\000M\000a\000i\000n\000\040\000I\000d\000e\000a\000s}{chapter.14}% 163
\BOOKMARK [1][-]{section.14.4}{\376\377\000W\000o\000r\000k\000e\000d\000\040\000E\000x\000a\000m\000p\000l\000e}{chapter.14}% 164
\BOOKMARK [1][-]{section.14.5}{\376\377\000S\000y\000s\000t\000e\000m\000s\000\040\000a\000n\000d\000\040\000I\000m\000p\000l\000e\000m\000e\000n\000t\000a\000t\000i\000o\000n\000\040\000C\000o\000n\000s\000e\000q\000u\000e\000n\000c\000e\000s}{chapter.14}% 165
\BOOKMARK [1][-]{section.14.6}{\376\377\000C\000o\000m\000m\000o\000n\000\040\000M\000i\000s\000c\000o\000n\000c\000e\000p\000t\000i\000o\000n\000s}{chapter.14}% 166
\BOOKMARK [1][-]{section.14.7}{\376\377\000E\000x\000e\000r\000c\000i\000s\000e\000s}{chapter.14}% 167
\BOOKMARK [1][-]{section.14.8}{\376\377\000F\000u\000r\000t\000h\000e\000r\000\040\000R\000e\000a\000d\000i\000n\000g}{chapter.14}% 168
\BOOKMARK [-1][-]{part.4}{\376\377\000I\000V\000\040\000S\000y\000s\000t\000e\000m\000s\000\040\000a\000n\000d\000\040\000I\000m\000p\000l\000e\000m\000e\000n\000t\000a\000t\000i\000o\000n}{}% 169
\BOOKMARK [0][-]{chapter.15}{\376\377\000R\000e\000s\000o\000u\000r\000c\000e\000\040\000A\000c\000c\000o\000u\000n\000t\000i\000n\000g}{part.4}% 170
\BOOKMARK [1][-]{section.15.1}{\376\377\000B\000i\000g\000\040\000P\000i\000c\000t\000u\000r\000e}{chapter.15}% 171
\BOOKMARK [1][-]{section.15.2}{\376\377\000F\000o\000r\000m\000a\000l\000\040\000S\000e\000t\000u\000p\000\040\000a\000n\000d\000\040\000N\000o\000t\000a\000t\000i\000o\000n}{chapter.15}% 172
\BOOKMARK [1][-]{section.15.3}{\376\377\000M\000a\000i\000n\000\040\000I\000d\000e\000a\000s}{chapter.15}% 173
\BOOKMARK [1][-]{section.15.4}{\376\377\000W\000o\000r\000k\000e\000d\000\040\000E\000x\000a\000m\000p\000l\000e}{chapter.15}% 174
\BOOKMARK [1][-]{section.15.5}{\376\377\000S\000y\000s\000t\000e\000m\000s\000\040\000a\000n\000d\000\040\000I\000m\000p\000l\000e\000m\000e\000n\000t\000a\000t\000i\000o\000n\000\040\000C\000o\000n\000s\000e\000q\000u\000e\000n\000c\000e\000s}{chapter.15}% 175
\BOOKMARK [1][-]{section.15.6}{\376\377\000C\000o\000m\000m\000o\000n\000\040\000M\000i\000s\000c\000o\000n\000c\000e\000p\000t\000i\000o\000n\000s}{chapter.15}% 176
\BOOKMARK [1][-]{section.15.7}{\376\377\000E\000x\000e\000r\000c\000i\000s\000e\000s}{chapter.15}% 177
\BOOKMARK [1][-]{section.15.8}{\376\377\000F\000u\000r\000t\000h\000e\000r\000\040\000R\000e\000a\000d\000i\000n\000g}{chapter.15}% 178
\BOOKMARK [0][-]{chapter.16}{\376\377\000G\000P\000U\000s\000,\000\040\000T\000P\000U\000s\000,\000\040\000a\000n\000d\000\040\000M\000e\000m\000o\000r\000y\000\040\000H\000i\000e\000r\000a\000r\000c\000h\000y}{part.4}% 179
\BOOKMARK [1][-]{section.16.1}{\376\377\000B\000i\000g\000\040\000P\000i\000c\000t\000u\000r\000e}{chapter.16}% 180
\BOOKMARK [1][-]{section.16.2}{\376\377\000F\000o\000r\000m\000a\000l\000\040\000S\000e\000t\000u\000p\000\040\000a\000n\000d\000\040\000N\000o\000t\000a\000t\000i\000o\000n}{chapter.16}% 181
\BOOKMARK [1][-]{section.16.3}{\376\377\000M\000a\000i\000n\000\040\000I\000d\000e\000a\000s}{chapter.16}% 182
\BOOKMARK [1][-]{section.16.4}{\376\377\000W\000o\000r\000k\000e\000d\000\040\000E\000x\000a\000m\000p\000l\000e}{chapter.16}% 183
\BOOKMARK [1][-]{section.16.5}{\376\377\000S\000y\000s\000t\000e\000m\000s\000\040\000a\000n\000d\000\040\000I\000m\000p\000l\000e\000m\000e\000n\000t\000a\000t\000i\000o\000n\000\040\000C\000o\000n\000s\000e\000q\000u\000e\000n\000c\000e\000s}{chapter.16}% 184
\BOOKMARK [1][-]{section.16.6}{\376\377\000C\000o\000m\000m\000o\000n\000\040\000M\000i\000s\000c\000o\000n\000c\000e\000p\000t\000i\000o\000n\000s}{chapter.16}% 185
\BOOKMARK [1][-]{section.16.7}{\376\377\000E\000x\000e\000r\000c\000i\000s\000e\000s}{chapter.16}% 186
\BOOKMARK [1][-]{section.16.8}{\376\377\000F\000u\000r\000t\000h\000e\000r\000\040\000R\000e\000a\000d\000i\000n\000g}{chapter.16}% 187
\BOOKMARK [0][-]{chapter.17}{\376\377\000K\000e\000r\000n\000e\000l\000s\000,\000\040\000C\000U\000D\000A\000,\000\040\000T\000r\000i\000t\000o\000n\000,\000\040\000a\000n\000d\000\040\000F\000l\000a\000s\000h\000A\000t\000t\000e\000n\000t\000i\000o\000n}{part.4}% 188
\BOOKMARK [1][-]{section.17.1}{\376\377\000B\000i\000g\000\040\000P\000i\000c\000t\000u\000r\000e}{chapter.17}% 189
\BOOKMARK [1][-]{section.17.2}{\376\377\000F\000o\000r\000m\000a\000l\000\040\000S\000e\000t\000u\000p\000\040\000a\000n\000d\000\040\000N\000o\000t\000a\000t\000i\000o\000n}{chapter.17}% 190
\BOOKMARK [1][-]{section.17.3}{\376\377\000M\000a\000i\000n\000\040\000I\000d\000e\000a\000s}{chapter.17}% 191
\BOOKMARK [1][-]{section.17.4}{\376\377\000W\000o\000r\000k\000e\000d\000\040\000E\000x\000a\000m\000p\000l\000e}{chapter.17}% 192
\BOOKMARK [1][-]{section.17.5}{\376\377\000S\000y\000s\000t\000e\000m\000s\000\040\000a\000n\000d\000\040\000I\000m\000p\000l\000e\000m\000e\000n\000t\000a\000t\000i\000o\000n\000\040\000C\000o\000n\000s\000e\000q\000u\000e\000n\000c\000e\000s}{chapter.17}% 193
\BOOKMARK [1][-]{section.17.6}{\376\377\000C\000o\000m\000m\000o\000n\000\040\000M\000i\000s\000c\000o\000n\000c\000e\000p\000t\000i\000o\000n\000s}{chapter.17}% 194
\BOOKMARK [1][-]{section.17.7}{\376\377\000E\000x\000e\000r\000c\000i\000s\000e\000s}{chapter.17}% 195
\BOOKMARK [1][-]{section.17.8}{\376\377\000F\000u\000r\000t\000h\000e\000r\000\040\000R\000e\000a\000d\000i\000n\000g}{chapter.17}% 196
\BOOKMARK [0][-]{chapter.18}{\376\377\000P\000a\000r\000a\000l\000l\000e\000l\000i\000s\000m\000\040\000a\000n\000d\000\040\000D\000i\000s\000t\000r\000i\000b\000u\000t\000e\000d\000\040\000T\000r\000a\000i\000n\000i\000n\000g}{part.4}% 197
\BOOKMARK [1][-]{section.18.1}{\376\377\000B\000i\000g\000\040\000P\000i\000c\000t\000u\000r\000e}{chapter.18}% 198
\BOOKMARK [1][-]{section.18.2}{\376\377\000F\000o\000r\000m\000a\000l\000\040\000S\000e\000t\000u\000p\000\040\000a\000n\000d\000\040\000N\000o\000t\000a\000t\000i\000o\000n}{chapter.18}% 199
\BOOKMARK [1][-]{section.18.3}{\376\377\000M\000a\000i\000n\000\040\000I\000d\000e\000a\000s}{chapter.18}% 200
\BOOKMARK [1][-]{section.18.4}{\376\377\000W\000o\000r\000k\000e\000d\000\040\000E\000x\000a\000m\000p\000l\000e}{chapter.18}% 201
\BOOKMARK [1][-]{section.18.5}{\376\377\000S\000y\000s\000t\000e\000m\000s\000\040\000a\000n\000d\000\040\000I\000m\000p\000l\000e\000m\000e\000n\000t\000a\000t\000i\000o\000n\000\040\000C\000o\000n\000s\000e\000q\000u\000e\000n\000c\000e\000s}{chapter.18}% 202
\BOOKMARK [1][-]{section.18.6}{\376\377\000C\000o\000m\000m\000o\000n\000\040\000M\000i\000s\000c\000o\000n\000c\000e\000p\000t\000i\000o\000n\000s}{chapter.18}% 203
\BOOKMARK [1][-]{section.18.7}{\376\377\000E\000x\000e\000r\000c\000i\000s\000e\000s}{chapter.18}% 204
\BOOKMARK [1][-]{section.18.8}{\376\377\000F\000u\000r\000t\000h\000e\000r\000\040\000R\000e\000a\000d\000i\000n\000g}{chapter.18}% 205
\BOOKMARK [0][-]{chapter.19}{\376\377\000I\000n\000f\000e\000r\000e\000n\000c\000e\000\040\000a\000n\000d\000\040\000S\000e\000r\000v\000i\000n\000g}{part.4}% 206
\BOOKMARK [1][-]{section.19.1}{\376\377\000B\000i\000g\000\040\000P\000i\000c\000t\000u\000r\000e}{chapter.19}% 207
\BOOKMARK [1][-]{section.19.2}{\376\377\000F\000o\000r\000m\000a\000l\000\040\000S\000e\000t\000u\000p\000\040\000a\000n\000d\000\040\000N\000o\000t\000a\000t\000i\000o\000n}{chapter.19}% 208
\BOOKMARK [1][-]{section.19.3}{\376\377\000M\000a\000i\000n\000\040\000I\000d\000e\000a\000s}{chapter.19}% 209
\BOOKMARK [1][-]{section.19.4}{\376\377\000W\000o\000r\000k\000e\000d\000\040\000E\000x\000a\000m\000p\000l\000e}{chapter.19}% 210
\BOOKMARK [1][-]{section.19.5}{\376\377\000S\000y\000s\000t\000e\000m\000s\000\040\000a\000n\000d\000\040\000I\000m\000p\000l\000e\000m\000e\000n\000t\000a\000t\000i\000o\000n\000\040\000C\000o\000n\000s\000e\000q\000u\000e\000n\000c\000e\000s}{chapter.19}% 211
\BOOKMARK [1][-]{section.19.6}{\376\377\000C\000o\000m\000m\000o\000n\000\040\000M\000i\000s\000c\000o\000n\000c\000e\000p\000t\000i\000o\000n\000s}{chapter.19}% 212
\BOOKMARK [1][-]{section.19.7}{\376\377\000E\000x\000e\000r\000c\000i\000s\000e\000s}{chapter.19}% 213
\BOOKMARK [1][-]{section.19.8}{\376\377\000F\000u\000r\000t\000h\000e\000r\000\040\000R\000e\000a\000d\000i\000n\000g}{chapter.19}% 214
\BOOKMARK [-1][-]{part.5}{\376\377\000V\000\040\000S\000c\000a\000l\000i\000n\000g\000,\000\040\000E\000v\000a\000l\000u\000a\000t\000i\000o\000n\000,\000\040\000a\000n\000d\000\040\000R\000e\000c\000i\000p\000e\000s}{}% 215
\BOOKMARK [0][-]{chapter.20}{\376\377\000S\000c\000a\000l\000i\000n\000g\000\040\000L\000a\000w\000s}{part.5}% 216
\BOOKMARK [1][-]{section.20.1}{\376\377\000B\000i\000g\000\040\000P\000i\000c\000t\000u\000r\000e}{chapter.20}% 217
\BOOKMARK [1][-]{section.20.2}{\376\377\000F\000o\000r\000m\000a\000l\000\040\000S\000e\000t\000u\000p\000\040\000a\000n\000d\000\040\000N\000o\000t\000a\000t\000i\000o\000n}{chapter.20}% 218
\BOOKMARK [1][-]{section.20.3}{\376\377\000M\000a\000i\000n\000\040\000I\000d\000e\000a\000s}{chapter.20}% 219
\BOOKMARK [1][-]{section.20.4}{\376\377\000W\000o\000r\000k\000e\000d\000\040\000E\000x\000a\000m\000p\000l\000e}{chapter.20}% 220
\BOOKMARK [1][-]{section.20.5}{\376\377\000S\000y\000s\000t\000e\000m\000s\000\040\000a\000n\000d\000\040\000I\000m\000p\000l\000e\000m\000e\000n\000t\000a\000t\000i\000o\000n\000\040\000C\000o\000n\000s\000e\000q\000u\000e\000n\000c\000e\000s}{chapter.20}% 221
\BOOKMARK [1][-]{section.20.6}{\376\377\000C\000o\000m\000m\000o\000n\000\040\000M\000i\000s\000c\000o\000n\000c\000e\000p\000t\000i\000o\000n\000s}{chapter.20}% 222
\BOOKMARK [1][-]{section.20.7}{\376\377\000E\000x\000e\000r\000c\000i\000s\000e\000s}{chapter.20}% 223
\BOOKMARK [1][-]{section.20.8}{\376\377\000F\000u\000r\000t\000h\000e\000r\000\040\000R\000e\000a\000d\000i\000n\000g}{chapter.20}% 224
\BOOKMARK [0][-]{chapter.21}{\376\377\000M\000o\000d\000e\000l\000\040\000R\000e\000c\000i\000p\000e\000s\000\040\000a\000n\000d\000\040\000O\000p\000e\000n\000-\000M\000o\000d\000e\000l\000\040\000C\000a\000s\000e\000\040\000S\000t\000u\000d\000i\000e\000s}{part.5}% 225
\BOOKMARK [1][-]{section.21.1}{\376\377\000B\000i\000g\000\040\000P\000i\000c\000t\000u\000r\000e}{chapter.21}% 226
\BOOKMARK [1][-]{section.21.2}{\376\377\000F\000o\000r\000m\000a\000l\000\040\000S\000e\000t\000u\000p\000\040\000a\000n\000d\000\040\000N\000o\000t\000a\000t\000i\000o\000n}{chapter.21}% 227
\BOOKMARK [1][-]{section.21.3}{\376\377\000M\000a\000i\000n\000\040\000I\000d\000e\000a\000s}{chapter.21}% 228
\BOOKMARK [1][-]{section.21.4}{\376\377\000W\000o\000r\000k\000e\000d\000\040\000E\000x\000a\000m\000p\000l\000e}{chapter.21}% 229
\BOOKMARK [1][-]{section.21.5}{\376\377\000S\000y\000s\000t\000e\000m\000s\000\040\000a\000n\000d\000\040\000I\000m\000p\000l\000e\000m\000e\000n\000t\000a\000t\000i\000o\000n\000\040\000C\000o\000n\000s\000e\000q\000u\000e\000n\000c\000e\000s}{chapter.21}% 230
\BOOKMARK [1][-]{section.21.6}{\376\377\000C\000o\000m\000m\000o\000n\000\040\000M\000i\000s\000c\000o\000n\000c\000e\000p\000t\000i\000o\000n\000s}{chapter.21}% 231
\BOOKMARK [1][-]{section.21.7}{\376\377\000E\000x\000e\000r\000c\000i\000s\000e\000s}{chapter.21}% 232
\BOOKMARK [1][-]{section.21.8}{\376\377\000F\000u\000r\000t\000h\000e\000r\000\040\000R\000e\000a\000d\000i\000n\000g}{chapter.21}% 233
\BOOKMARK [0][-]{chapter.22}{\376\377\000E\000v\000a\000l\000u\000a\000t\000i\000o\000n}{part.5}% 234
\BOOKMARK [1][-]{section.22.1}{\376\377\000B\000i\000g\000\040\000P\000i\000c\000t\000u\000r\000e}{chapter.22}% 235
\BOOKMARK [1][-]{section.22.2}{\376\377\000F\000o\000r\000m\000a\000l\000\040\000S\000e\000t\000u\000p\000\040\000a\000n\000d\000\040\000N\000o\000t\000a\000t\000i\000o\000n}{chapter.22}% 236
\BOOKMARK [1][-]{section.22.3}{\376\377\000M\000a\000i\000n\000\040\000I\000d\000e\000a\000s}{chapter.22}% 237
\BOOKMARK [1][-]{section.22.4}{\376\377\000W\000o\000r\000k\000e\000d\000\040\000E\000x\000a\000m\000p\000l\000e}{chapter.22}% 238
\BOOKMARK [1][-]{section.22.5}{\376\377\000S\000y\000s\000t\000e\000m\000s\000\040\000a\000n\000d\000\040\000I\000m\000p\000l\000e\000m\000e\000n\000t\000a\000t\000i\000o\000n\000\040\000C\000o\000n\000s\000e\000q\000u\000e\000n\000c\000e\000s}{chapter.22}% 239
\BOOKMARK [1][-]{section.22.6}{\376\377\000C\000o\000m\000m\000o\000n\000\040\000M\000i\000s\000c\000o\000n\000c\000e\000p\000t\000i\000o\000n\000s}{chapter.22}% 240
\BOOKMARK [1][-]{section.22.7}{\376\377\000E\000x\000e\000r\000c\000i\000s\000e\000s}{chapter.22}% 241
\BOOKMARK [1][-]{section.22.8}{\376\377\000F\000u\000r\000t\000h\000e\000r\000\040\000R\000e\000a\000d\000i\000n\000g}{chapter.22}% 242
\BOOKMARK [-1][-]{part.6}{\376\377\000V\000I\000\040\000D\000a\000t\000a}{}% 243
\BOOKMARK [0][-]{chapter.23}{\376\377\000D\000a\000t\000a\000\040\000S\000o\000u\000r\000c\000e\000s\000,\000\040\000C\000r\000a\000w\000l\000i\000n\000g\000,\000\040\000a\000n\000d\000\040\000C\000l\000e\000a\000n\000i\000n\000g}{part.6}% 244
\BOOKMARK [1][-]{section.23.1}{\376\377\000B\000i\000g\000\040\000P\000i\000c\000t\000u\000r\000e}{chapter.23}% 245
\BOOKMARK [1][-]{section.23.2}{\376\377\000F\000o\000r\000m\000a\000l\000\040\000S\000e\000t\000u\000p\000\040\000a\000n\000d\000\040\000N\000o\000t\000a\000t\000i\000o\000n}{chapter.23}% 246
\BOOKMARK [1][-]{section.23.3}{\376\377\000M\000a\000i\000n\000\040\000I\000d\000e\000a\000s}{chapter.23}% 247
\BOOKMARK [1][-]{section.23.4}{\376\377\000W\000o\000r\000k\000e\000d\000\040\000E\000x\000a\000m\000p\000l\000e}{chapter.23}% 248
\BOOKMARK [1][-]{section.23.5}{\376\377\000S\000y\000s\000t\000e\000m\000s\000\040\000a\000n\000d\000\040\000I\000m\000p\000l\000e\000m\000e\000n\000t\000a\000t\000i\000o\000n\000\040\000C\000o\000n\000s\000e\000q\000u\000e\000n\000c\000e\000s}{chapter.23}% 249
\BOOKMARK [1][-]{section.23.6}{\376\377\000C\000o\000m\000m\000o\000n\000\040\000M\000i\000s\000c\000o\000n\000c\000e\000p\000t\000i\000o\000n\000s}{chapter.23}% 250
\BOOKMARK [1][-]{section.23.7}{\376\377\000E\000x\000e\000r\000c\000i\000s\000e\000s}{chapter.23}% 251
\BOOKMARK [1][-]{section.23.8}{\376\377\000F\000u\000r\000t\000h\000e\000r\000\040\000R\000e\000a\000d\000i\000n\000g}{chapter.23}% 252
\BOOKMARK [0][-]{chapter.24}{\376\377\000F\000i\000l\000t\000e\000r\000i\000n\000g\000,\000\040\000D\000e\000d\000u\000p\000l\000i\000c\000a\000t\000i\000o\000n\000,\000\040\000a\000n\000d\000\040\000D\000a\000t\000a\000\040\000M\000i\000x\000i\000n\000g}{part.6}% 253
\BOOKMARK [1][-]{section.24.1}{\376\377\000B\000i\000g\000\040\000P\000i\000c\000t\000u\000r\000e}{chapter.24}% 254
\BOOKMARK [1][-]{section.24.2}{\376\377\000F\000o\000r\000m\000a\000l\000\040\000S\000e\000t\000u\000p\000\040\000a\000n\000d\000\040\000N\000o\000t\000a\000t\000i\000o\000n}{chapter.24}% 255
\BOOKMARK [1][-]{section.24.3}{\376\377\000M\000a\000i\000n\000\040\000I\000d\000e\000a\000s}{chapter.24}% 256
\BOOKMARK [1][-]{section.24.4}{\376\377\000W\000o\000r\000k\000e\000d\000\040\000E\000x\000a\000m\000p\000l\000e}{chapter.24}% 257
\BOOKMARK [1][-]{section.24.5}{\376\377\000S\000y\000s\000t\000e\000m\000s\000\040\000a\000n\000d\000\040\000I\000m\000p\000l\000e\000m\000e\000n\000t\000a\000t\000i\000o\000n\000\040\000C\000o\000n\000s\000e\000q\000u\000e\000n\000c\000e\000s}{chapter.24}% 258
\BOOKMARK [1][-]{section.24.6}{\376\377\000C\000o\000m\000m\000o\000n\000\040\000M\000i\000s\000c\000o\000n\000c\000e\000p\000t\000i\000o\000n\000s}{chapter.24}% 259
\BOOKMARK [1][-]{section.24.7}{\376\377\000E\000x\000e\000r\000c\000i\000s\000e\000s}{chapter.24}% 260
\BOOKMARK [1][-]{section.24.8}{\376\377\000F\000u\000r\000t\000h\000e\000r\000\040\000R\000e\000a\000d\000i\000n\000g}{chapter.24}% 261
\BOOKMARK [-1][-]{part.7}{\376\377\000V\000I\000I\000\040\000A\000l\000i\000g\000n\000m\000e\000n\000t\000\040\000a\000n\000d\000\040\000R\000e\000a\000s\000o\000n\000i\000n\000g}{}% 262
\BOOKMARK [0][-]{chapter.25}{\376\377\000I\000n\000s\000t\000r\000u\000c\000t\000i\000o\000n\000\040\000T\000u\000n\000i\000n\000g\000\040\000a\000n\000d\000\040\000P\000r\000e\000f\000e\000r\000e\000n\000c\000e\000\040\000T\000u\000n\000i\000n\000g}{part.7}% 263
\BOOKMARK [1][-]{section.25.1}{\376\377\000B\000i\000g\000\040\000P\000i\000c\000t\000u\000r\000e}{chapter.25}% 264
\BOOKMARK [1][-]{section.25.2}{\376\377\000F\000o\000r\000m\000a\000l\000\040\000S\000e\000t\000u\000p\000\040\000a\000n\000d\000\040\000N\000o\000t\000a\000t\000i\000o\000n}{chapter.25}% 265
\BOOKMARK [1][-]{section.25.3}{\376\377\000M\000a\000i\000n\000\040\000I\000d\000e\000a\000s}{chapter.25}% 266
\BOOKMARK [1][-]{section.25.4}{\376\377\000W\000o\000r\000k\000e\000d\000\040\000E\000x\000a\000m\000p\000l\000e}{chapter.25}% 267
\BOOKMARK [1][-]{section.25.5}{\376\377\000S\000y\000s\000t\000e\000m\000s\000\040\000a\000n\000d\000\040\000I\000m\000p\000l\000e\000m\000e\000n\000t\000a\000t\000i\000o\000n\000\040\000C\000o\000n\000s\000e\000q\000u\000e\000n\000c\000e\000s}{chapter.25}% 268
\BOOKMARK [1][-]{section.25.6}{\376\377\000C\000o\000m\000m\000o\000n\000\040\000M\000i\000s\000c\000o\000n\000c\000e\000p\000t\000i\000o\000n\000s}{chapter.25}% 269
\BOOKMARK [1][-]{section.25.7}{\376\377\000E\000x\000e\000r\000c\000i\000s\000e\000s}{chapter.25}% 270
\BOOKMARK [1][-]{section.25.8}{\376\377\000F\000u\000r\000t\000h\000e\000r\000\040\000R\000e\000a\000d\000i\000n\000g}{chapter.25}% 271
\BOOKMARK [0][-]{chapter.26}{\376\377\000R\000L\000H\000F\000,\000\040\000D\000P\000O\000,\000\040\000G\000R\000P\000O\000,\000\040\000a\000n\000d\000\040\000R\000e\000a\000s\000o\000n\000i\000n\000g\000\040\000R\000L}{part.7}% 272
\BOOKMARK [1][-]{section.26.1}{\376\377\000B\000i\000g\000\040\000P\000i\000c\000t\000u\000r\000e}{chapter.26}% 273
\BOOKMARK [1][-]{section.26.2}{\376\377\000F\000o\000r\000m\000a\000l\000\040\000S\000e\000t\000u\000p\000\040\000a\000n\000d\000\040\000N\000o\000t\000a\000t\000i\000o\000n}{chapter.26}% 274
\BOOKMARK [1][-]{section.26.3}{\376\377\000M\000a\000i\000n\000\040\000I\000d\000e\000a\000s}{chapter.26}% 275
\BOOKMARK [1][-]{section.26.4}{\376\377\000W\000o\000r\000k\000e\000d\000\040\000E\000x\000a\000m\000p\000l\000e}{chapter.26}% 276
\BOOKMARK [1][-]{section.26.5}{\376\377\000S\000y\000s\000t\000e\000m\000s\000\040\000a\000n\000d\000\040\000I\000m\000p\000l\000e\000m\000e\000n\000t\000a\000t\000i\000o\000n\000\040\000C\000o\000n\000s\000e\000q\000u\000e\000n\000c\000e\000s}{chapter.26}% 277
\BOOKMARK [1][-]{section.26.6}{\376\377\000C\000o\000m\000m\000o\000n\000\040\000M\000i\000s\000c\000o\000n\000c\000e\000p\000t\000i\000o\000n\000s}{chapter.26}% 278
\BOOKMARK [1][-]{section.26.7}{\376\377\000E\000x\000e\000r\000c\000i\000s\000e\000s}{chapter.26}% 279
\BOOKMARK [1][-]{section.26.8}{\376\377\000F\000u\000r\000t\000h\000e\000r\000\040\000R\000e\000a\000d\000i\000n\000g}{chapter.26}% 280
\BOOKMARK [0][-]{chapter.27}{\376\377\000S\000a\000f\000e\000t\000y\000,\000\040\000R\000e\000w\000a\000r\000d\000\040\000H\000a\000c\000k\000i\000n\000g\000,\000\040\000a\000n\000d\000\040\000D\000e\000p\000l\000o\000y\000m\000e\000n\000t}{part.7}% 281
\BOOKMARK [1][-]{section.27.1}{\376\377\000B\000i\000g\000\040\000P\000i\000c\000t\000u\000r\000e}{chapter.27}% 282
\BOOKMARK [1][-]{section.27.2}{\376\377\000F\000o\000r\000m\000a\000l\000\040\000S\000e\000t\000u\000p\000\040\000a\000n\000d\000\040\000N\000o\000t\000a\000t\000i\000o\000n}{chapter.27}% 283
\BOOKMARK [1][-]{section.27.3}{\376\377\000M\000a\000i\000n\000\040\000I\000d\000e\000a\000s}{chapter.27}% 284
\BOOKMARK [1][-]{section.27.4}{\376\377\000W\000o\000r\000k\000e\000d\000\040\000E\000x\000a\000m\000p\000l\000e}{chapter.27}% 285
\BOOKMARK [1][-]{section.27.5}{\376\377\000S\000y\000s\000t\000e\000m\000s\000\040\000a\000n\000d\000\040\000I\000m\000p\000l\000e\000m\000e\000n\000t\000a\000t\000i\000o\000n\000\040\000C\000o\000n\000s\000e\000q\000u\000e\000n\000c\000e\000s}{chapter.27}% 286
\BOOKMARK [1][-]{section.27.6}{\376\377\000C\000o\000m\000m\000o\000n\000\040\000M\000i\000s\000c\000o\000n\000c\000e\000p\000t\000i\000o\000n\000s}{chapter.27}% 287
\BOOKMARK [1][-]{section.27.7}{\376\377\000E\000x\000e\000r\000c\000i\000s\000e\000s}{chapter.27}% 288
\BOOKMARK [1][-]{section.27.8}{\376\377\000F\000u\000r\000t\000h\000e\000r\000\040\000R\000e\000a\000d\000i\000n\000g}{chapter.27}% 289
\BOOKMARK [-1][-]{part*.212}{\376\377\000A\000p\000p\000e\000n\000d\000i\000c\000e\000s}{}% 290
\BOOKMARK [0][-]{appendix.A}{\376\377\000P\000r\000o\000o\000f\000\040\000T\000e\000c\000h\000n\000i\000q\000u\000e\000s\000\040\000a\000n\000d\000\040\000D\000e\000r\000i\000v\000a\000t\000i\000o\000n\000s}{part*.212}% 291
\BOOKMARK [0][-]{appendix.B}{\376\377\000C\000U\000D\000A\000\040\000a\000n\000d\000\040\000T\000r\000i\000t\000o\000n\000\040\000C\000o\000o\000k\000b\000o\000o\000k}{part*.212}% 292
\BOOKMARK [0][-]{appendix.C}{\376\377\000L\000i\000n\000g\000u\000i\000s\000t\000i\000c\000s\000\040\000Q\000u\000i\000c\000k\000\040\000R\000e\000f\000e\000r\000e\000n\000c\000e}{part*.212}% 293
\BOOKMARK [0][-]{appendix.D}{\376\377\000N\000e\000u\000r\000o\000s\000c\000i\000e\000n\000c\000e\000\040\000A\000n\000a\000l\000o\000g\000y\000\040\000I\000n\000d\000e\000x}{part*.212}% 294
\BOOKMARK [0][-]{appendix.E}{\376\377\000R\000e\000p\000r\000o\000d\000u\000c\000i\000b\000i\000l\000i\000t\000y\000\040\000a\000n\000d\000\040\000D\000e\000b\000u\000g\000g\000i\000n\000g}{part*.212}% 295
\BOOKMARK [0][-]{appendix*.213}{\376\377\000R\000e\000f\000e\000r\000e\000n\000c\000e\000s}{part*.212}% 296
